#
# There is insufficient memory for the Java Runtime Environment to continue.
# Native memory allocation (malloc) failed to allocate 1008576 bytes for Chunk::new
# Possible reasons:
#   The system is out of physical RAM or swap space
#   The process is running with CompressedOops enabled, and the Java Heap may be blocking the growth of the native heap
# Possible solutions:
#   Reduce memory load on the system
#   Increase physical memory or swap space
#   Check if swap backing store is full
#   Decrease Java heap size (-Xmx/-Xms)
#   Decrease number of Java threads
#   Decrease Java thread stack sizes (-Xss)
#   Set larger code cache with -XX:ReservedCodeCacheSize=
#   JVM is running with Unscaled Compressed Oops mode in which the Java heap is
#     placed in the first 4GB address space. The Java Heap base address is the
#     maximum limit for the native heap growth. Please use -XX:HeapBaseMinAddress
#     to set the Java Heap base and to place the Java Heap above 4GB virtual address.
# This output file may be truncated or incomplete.
#
#  Out of Memory Error (arena.cpp:189), pid=2508, tid=14100
#
# JRE version: Java(TM) SE Runtime Environment (17.0.11+7) (build 17.0.11+7-LTS-207)
# Java VM: Java HotSpot(TM) 64-Bit Server VM (17.0.11+7-LTS-207, mixed mode, sharing, tiered, compressed oops, compressed class ptrs, g1 gc, windows-amd64)
# No core dump will be written. Minidumps are not enabled by default on client versions of Windows
#

---------------  S U M M A R Y ------------

Command Line: C:\Users\andre\AppData\Local\Temp\surefire300561316032260510\surefirebooter-20241015234441689_3.jar C:\Users\andre\AppData\Local\Temp\surefire300561316032260510 2024-10-15T23-44-41_488-jvmRun1 surefire-20241015234441689_1tmp surefire_0-20241015234441689_2tmp

Host: AMD Ryzen 5 4600H with Radeon Graphics         , 12 cores, 7G,  Windows 11 , 64 bit Build 22621 (10.0.22621.3958)
Time: Tue Oct 15 23:44:44 2024 Hora estándar central (México) elapsed time: 2.857179 seconds (0d 0h 0m 2s)

---------------  T H R E A D  ---------------

Current thread (0x0000027dfafb8680):  JavaThread "C2 CompilerThread0" daemon [_thread_in_native, id=14100, stack(0x000000f474400000,0x000000f474500000)]


Current CompileTask:
C2:   2857 3183   !   4       jdk.internal.loader.BuiltinClassLoader::loadClassOrNull (143 bytes)

Stack: [0x000000f474400000,0x000000f474500000]
Native frames: (J=compiled Java code, j=interpreted, Vv=VM code, C=native code)
V  [jvm.dll+0x679cca]
V  [jvm.dll+0x7da13d]
V  [jvm.dll+0x7dba83]
V  [jvm.dll+0x7dc0f3]
V  [jvm.dll+0x2449af]
V  [jvm.dll+0xab83b]
V  [jvm.dll+0xabe1c]
V  [jvm.dll+0x2a9e6f]
V  [jvm.dll+0x5818d9]
V  [jvm.dll+0x21ed62]
V  [jvm.dll+0x21f13f]
V  [jvm.dll+0x218331]
V  [jvm.dll+0x215505]
V  [jvm.dll+0x1a2040]
V  [jvm.dll+0x225a2b]
V  [jvm.dll+0x223bcb]
V  [jvm.dll+0x7903ec]
V  [jvm.dll+0x78a85a]
V  [jvm.dll+0x678bb5]
C  [ucrtbase.dll+0x29333]
C  [KERNEL32.DLL+0x1257d]
C  [ntdll.dll+0x5af08]


---------------  P R O C E S S  ---------------

Threads class SMR info:
_java_thread_list=0x0000027dc72513b0, length=14, elements={
0x0000027ddcf53fb0, 0x0000027dfaf99f00, 0x0000027dfaf9cb90, 0x0000027dfafb2b80,
0x0000027dfafb4550, 0x0000027dfafb4f10, 0x0000027dfafb78e0, 0x0000027dfafb8680,
0x0000027dfafba050, 0x0000027dfafbb170, 0x0000027dc5225c10, 0x0000027dc522d120,
0x0000027dc56be3b0, 0x0000027dc5392f20
}

Java Threads: ( => current thread )
  0x0000027ddcf53fb0 JavaThread "main" [_thread_in_native, id=21304, stack(0x000000f473700000,0x000000f473800000)]
  0x0000027dfaf99f00 JavaThread "Reference Handler" daemon [_thread_blocked, id=21156, stack(0x000000f473e00000,0x000000f473f00000)]
  0x0000027dfaf9cb90 JavaThread "Finalizer" daemon [_thread_blocked, id=34516, stack(0x000000f473f00000,0x000000f474000000)]
  0x0000027dfafb2b80 JavaThread "Signal Dispatcher" daemon [_thread_blocked, id=5116, stack(0x000000f474000000,0x000000f474100000)]
  0x0000027dfafb4550 JavaThread "Attach Listener" daemon [_thread_blocked, id=34396, stack(0x000000f474100000,0x000000f474200000)]
  0x0000027dfafb4f10 JavaThread "Service Thread" daemon [_thread_blocked, id=2480, stack(0x000000f474200000,0x000000f474300000)]
  0x0000027dfafb78e0 JavaThread "Monitor Deflation Thread" daemon [_thread_blocked, id=2700, stack(0x000000f474300000,0x000000f474400000)]
=>0x0000027dfafb8680 JavaThread "C2 CompilerThread0" daemon [_thread_in_native, id=14100, stack(0x000000f474400000,0x000000f474500000)]
  0x0000027dfafba050 JavaThread "C1 CompilerThread0" daemon [_thread_blocked, id=34048, stack(0x000000f474500000,0x000000f474600000)]
  0x0000027dfafbb170 JavaThread "Sweeper thread" daemon [_thread_blocked, id=32908, stack(0x000000f474600000,0x000000f474700000)]
  0x0000027dc5225c10 JavaThread "Notification Thread" daemon [_thread_blocked, id=2812, stack(0x000000f474700000,0x000000f474800000)]
  0x0000027dc522d120 JavaThread "Common-Cleaner" daemon [_thread_blocked, id=27800, stack(0x000000f474900000,0x000000f474a00000)]
  0x0000027dc56be3b0 JavaThread "surefire-forkedjvm-stream-flusher" daemon [_thread_blocked, id=24040, stack(0x000000f474a00000,0x000000f474b00000)]
  0x0000027dc5392f20 JavaThread "surefire-forkedjvm-command-thread" daemon [_thread_in_native, id=29632, stack(0x000000f474b00000,0x000000f474c00000)]

Other Threads:
  0x0000027dfaf962f0 VMThread "VM Thread" [stack: 0x000000f473d00000,0x000000f473e00000] [id=22912]
  0x0000027ddd00d180 WatcherThread [stack: 0x000000f474800000,0x000000f474900000] [id=23052]
  0x0000027ddcfab7f0 GCTaskThread "GC Thread#0" [stack: 0x000000f473800000,0x000000f473900000] [id=23932]
  0x0000027dc5913ec0 GCTaskThread "GC Thread#1" [stack: 0x000000f474c00000,0x000000f474d00000] [id=35120]
  0x0000027dc5cd6110 GCTaskThread "GC Thread#2" [stack: 0x000000f474d00000,0x000000f474e00000] [id=18016]
  0x0000027dc5cd63d0 GCTaskThread "GC Thread#3" [stack: 0x000000f474e00000,0x000000f474f00000] [id=7252]
  0x0000027dc5cd6690 GCTaskThread "GC Thread#4" [stack: 0x000000f474f00000,0x000000f475000000] [id=13392]
  0x0000027dc5cd6950 GCTaskThread "GC Thread#5" [stack: 0x000000f475000000,0x000000f475100000] [id=31416]
  0x0000027dc5cd6c10 GCTaskThread "GC Thread#6" [stack: 0x000000f475100000,0x000000f475200000] [id=10824]
  0x0000027dc5cd6ed0 GCTaskThread "GC Thread#7" [stack: 0x000000f475200000,0x000000f475300000] [id=32640]
  0x0000027dc61638e0 GCTaskThread "GC Thread#8" [stack: 0x000000f475300000,0x000000f475400000] [id=24112]
  0x0000027dc6163ba0 GCTaskThread "GC Thread#9" [stack: 0x000000f475400000,0x000000f475500000] [id=23452]
  0x0000027ddcfbb340 ConcurrentGCThread "G1 Main Marker" [stack: 0x000000f473900000,0x000000f473a00000] [id=20500]
  0x0000027ddcfbbd50 ConcurrentGCThread "G1 Conc#0" [stack: 0x000000f473a00000,0x000000f473b00000] [id=29916]
  0x0000027dc6b59b40 ConcurrentGCThread "G1 Conc#1" [stack: 0x000000f475600000,0x000000f475700000] [id=1368]
  0x0000027dc67c5940 ConcurrentGCThread "G1 Conc#2" [stack: 0x000000f475700000,0x000000f475800000] [id=34260]
  0x0000027ddd01e6a0 ConcurrentGCThread "G1 Refine#0" [stack: 0x000000f473b00000,0x000000f473c00000] [id=17116]
  0x0000027dfae52670 ConcurrentGCThread "G1 Service" [stack: 0x000000f473c00000,0x000000f473d00000] [id=9748]

Threads with active compile tasks:
C2 CompilerThread0     2881 3183   !   4       jdk.internal.loader.BuiltinClassLoader::loadClassOrNull (143 bytes)

VM state: not at safepoint (normal execution)

VM Mutex/Monitor currently owned by a thread: None

Heap address: 0x000000008a000000, size: 1888 MB, Compressed Oops mode: 32-bit

CDS archive(s) mapped at: [0x0000027d80000000-0x0000027d80bd0000-0x0000027d80bd0000), size 12386304, SharedBaseAddress: 0x0000027d80000000, ArchiveRelocationMode: 1.
Compressed class space mapped at: 0x0000027d81000000-0x0000027dc1000000, reserved size: 1073741824
Narrow klass base: 0x0000027d80000000, Narrow klass shift: 0, Narrow klass range: 0x100000000

GC Precious Log:
 CPUs: 12 total, 12 available
 Memory: 7549M
 Large Page Support: Disabled
 NUMA Support: Disabled
 Compressed Oops: Enabled (32-bit)
 Heap Region Size: 1M
 Heap Min Capacity: 8M
 Heap Initial Capacity: 118M
 Heap Max Capacity: 1888M
 Pre-touch: Disabled
 Parallel Workers: 10
 Concurrent Workers: 3
 Concurrent Refinement Workers: 10
 Periodic GC: Disabled

Heap:
 garbage-first heap   total 58368K, used 23744K [0x000000008a000000, 0x0000000100000000)
  region size 1024K, 12 young (12288K), 3 survivors (3072K)
 Metaspace       used 31270K, committed 31680K, reserved 1114112K
  class space    used 4104K, committed 4288K, reserved 1048576K

Heap Regions: E=young(eden), S=young(survivor), O=old, HS=humongous(starts), HC=humongous(continues), CS=collection set, F=free, OA=open archive, CA=closed archive, TAMS=top-at-mark-start (previous, next)
|   0|0x000000008a000000, 0x000000008a100000, 0x000000008a100000|100%| O|  |TAMS 0x000000008a100000, 0x000000008a000000| Untracked 
|   1|0x000000008a100000, 0x000000008a200000, 0x000000008a200000|100%| O|  |TAMS 0x000000008a200000, 0x000000008a100000| Untracked 
|   2|0x000000008a200000, 0x000000008a300000, 0x000000008a300000|100%| O|  |TAMS 0x000000008a300000, 0x000000008a200000| Untracked 
|   3|0x000000008a300000, 0x000000008a400000, 0x000000008a400000|100%| O|  |TAMS 0x000000008a400000, 0x000000008a300000| Untracked 
|   4|0x000000008a400000, 0x000000008a500000, 0x000000008a500000|100%| O|  |TAMS 0x000000008a500000, 0x000000008a400000| Untracked 
|   5|0x000000008a500000, 0x000000008a600000, 0x000000008a600000|100%| O|  |TAMS 0x000000008a600000, 0x000000008a500000| Untracked 
|   6|0x000000008a600000, 0x000000008a600000, 0x000000008a700000|  0%| F|  |TAMS 0x000000008a600000, 0x000000008a600000| Untracked 
|   7|0x000000008a700000, 0x000000008a800000, 0x000000008a800000|100%| O|  |TAMS 0x000000008a700000, 0x000000008a700000| Untracked 
|   8|0x000000008a800000, 0x000000008a900000, 0x000000008a900000|100%| O|  |TAMS 0x000000008a800000, 0x000000008a800000| Untracked 
|   9|0x000000008a900000, 0x000000008aa00000, 0x000000008aa00000|100%| O|  |TAMS 0x000000008a900000, 0x000000008a900000| Untracked 
|  10|0x000000008aa00000, 0x000000008ab00000, 0x000000008ab00000|100%| O|  |TAMS 0x000000008aa00000, 0x000000008aa00000| Untracked 
|  11|0x000000008ab00000, 0x000000008ac00000, 0x000000008ac00000|100%| O|  |TAMS 0x000000008ab00000, 0x000000008ab00000| Untracked 
|  12|0x000000008ac00000, 0x000000008ad00000, 0x000000008ad00000|100%| O|  |TAMS 0x000000008ac00000, 0x000000008ac00000| Untracked 
|  13|0x000000008ad00000, 0x000000008ad56000, 0x000000008ae00000| 33%| O|  |TAMS 0x000000008ad00000, 0x000000008ad00000| Untracked 
|  14|0x000000008ae00000, 0x000000008ae00000, 0x000000008af00000|  0%| F|  |TAMS 0x000000008ae00000, 0x000000008ae00000| Untracked 
|  15|0x000000008af00000, 0x000000008af00000, 0x000000008b000000|  0%| F|  |TAMS 0x000000008af00000, 0x000000008af00000| Untracked 
|  16|0x000000008b000000, 0x000000008b000000, 0x000000008b100000|  0%| F|  |TAMS 0x000000008b000000, 0x000000008b000000| Untracked 
|  17|0x000000008b100000, 0x000000008b100000, 0x000000008b200000|  0%| F|  |TAMS 0x000000008b100000, 0x000000008b100000| Untracked 
|  18|0x000000008b200000, 0x000000008b200000, 0x000000008b300000|  0%| F|  |TAMS 0x000000008b200000, 0x000000008b200000| Untracked 
|  19|0x000000008b300000, 0x000000008b300000, 0x000000008b400000|  0%| F|  |TAMS 0x000000008b300000, 0x000000008b300000| Untracked 
|  20|0x000000008b400000, 0x000000008b400000, 0x000000008b500000|  0%| F|  |TAMS 0x000000008b400000, 0x000000008b400000| Untracked 
|  21|0x000000008b500000, 0x000000008b500000, 0x000000008b600000|  0%| F|  |TAMS 0x000000008b500000, 0x000000008b500000| Untracked 
|  22|0x000000008b600000, 0x000000008b600000, 0x000000008b700000|  0%| F|  |TAMS 0x000000008b600000, 0x000000008b600000| Untracked 
|  23|0x000000008b700000, 0x000000008b700000, 0x000000008b800000|  0%| F|  |TAMS 0x000000008b700000, 0x000000008b700000| Untracked 
|  24|0x000000008b800000, 0x000000008b800000, 0x000000008b900000|  0%| F|  |TAMS 0x000000008b800000, 0x000000008b800000| Untracked 
|  25|0x000000008b900000, 0x000000008b900000, 0x000000008ba00000|  0%| F|  |TAMS 0x000000008b900000, 0x000000008b900000| Untracked 
|  26|0x000000008ba00000, 0x000000008ba00000, 0x000000008bb00000|  0%| F|  |TAMS 0x000000008ba00000, 0x000000008ba00000| Untracked 
|  27|0x000000008bb00000, 0x000000008bb00000, 0x000000008bc00000|  0%| F|  |TAMS 0x000000008bb00000, 0x000000008bb00000| Untracked 
|  28|0x000000008bc00000, 0x000000008bcda188, 0x000000008bd00000| 85%| S|CS|TAMS 0x000000008bc00000, 0x000000008bc00000| Complete 
|  29|0x000000008bd00000, 0x000000008be00000, 0x000000008be00000|100%| S|CS|TAMS 0x000000008bd00000, 0x000000008bd00000| Complete 
|  30|0x000000008be00000, 0x000000008bf00000, 0x000000008bf00000|100%| S|CS|TAMS 0x000000008be00000, 0x000000008be00000| Complete 
|  31|0x000000008bf00000, 0x000000008bf00000, 0x000000008c000000|  0%| F|  |TAMS 0x000000008bf00000, 0x000000008bf00000| Untracked 
|  32|0x000000008c000000, 0x000000008c000000, 0x000000008c100000|  0%| F|  |TAMS 0x000000008c000000, 0x000000008c000000| Untracked 
|  33|0x000000008c100000, 0x000000008c100000, 0x000000008c200000|  0%| F|  |TAMS 0x000000008c100000, 0x000000008c100000| Untracked 
|  34|0x000000008c200000, 0x000000008c200000, 0x000000008c300000|  0%| F|  |TAMS 0x000000008c200000, 0x000000008c200000| Untracked 
|  35|0x000000008c300000, 0x000000008c300000, 0x000000008c400000|  0%| F|  |TAMS 0x000000008c300000, 0x000000008c300000| Untracked 
|  36|0x000000008c400000, 0x000000008c400000, 0x000000008c500000|  0%| F|  |TAMS 0x000000008c400000, 0x000000008c400000| Untracked 
|  37|0x000000008c500000, 0x000000008c500000, 0x000000008c600000|  0%| F|  |TAMS 0x000000008c500000, 0x000000008c500000| Untracked 
|  38|0x000000008c600000, 0x000000008c600000, 0x000000008c700000|  0%| F|  |TAMS 0x000000008c600000, 0x000000008c600000| Untracked 
|  39|0x000000008c700000, 0x000000008c700000, 0x000000008c800000|  0%| F|  |TAMS 0x000000008c700000, 0x000000008c700000| Untracked 
|  40|0x000000008c800000, 0x000000008c800000, 0x000000008c900000|  0%| F|  |TAMS 0x000000008c800000, 0x000000008c800000| Untracked 
|  41|0x000000008c900000, 0x000000008c900000, 0x000000008ca00000|  0%| F|  |TAMS 0x000000008c900000, 0x000000008c900000| Untracked 
|  42|0x000000008ca00000, 0x000000008ca00000, 0x000000008cb00000|  0%| F|  |TAMS 0x000000008ca00000, 0x000000008ca00000| Untracked 
|  43|0x000000008cb00000, 0x000000008cb00000, 0x000000008cc00000|  0%| F|  |TAMS 0x000000008cb00000, 0x000000008cb00000| Untracked 
|  44|0x000000008cc00000, 0x000000008cc00000, 0x000000008cd00000|  0%| F|  |TAMS 0x000000008cc00000, 0x000000008cc00000| Untracked 
|  45|0x000000008cd00000, 0x000000008cd00000, 0x000000008ce00000|  0%| F|  |TAMS 0x000000008cd00000, 0x000000008cd00000| Untracked 
|  46|0x000000008ce00000, 0x000000008ce00000, 0x000000008cf00000|  0%| F|  |TAMS 0x000000008ce00000, 0x000000008ce00000| Untracked 
|  47|0x000000008cf00000, 0x000000008cf00000, 0x000000008d000000|  0%| F|  |TAMS 0x000000008cf00000, 0x000000008cf00000| Untracked 
|  48|0x000000008d000000, 0x000000008d0eec20, 0x000000008d100000| 93%| E|  |TAMS 0x000000008d000000, 0x000000008d000000| Complete 
|  49|0x000000008d100000, 0x000000008d200000, 0x000000008d200000|100%| E|CS|TAMS 0x000000008d100000, 0x000000008d100000| Complete 
|  68|0x000000008e400000, 0x000000008e500000, 0x000000008e500000|100%| E|CS|TAMS 0x000000008e400000, 0x000000008e400000| Complete 
|  69|0x000000008e500000, 0x000000008e600000, 0x000000008e600000|100%| E|CS|TAMS 0x000000008e500000, 0x000000008e500000| Complete 
|  70|0x000000008e600000, 0x000000008e700000, 0x000000008e700000|100%| E|CS|TAMS 0x000000008e600000, 0x000000008e600000| Complete 
|  71|0x000000008e700000, 0x000000008e800000, 0x000000008e800000|100%| E|CS|TAMS 0x000000008e700000, 0x000000008e700000| Complete 
|  72|0x000000008e800000, 0x000000008e900000, 0x000000008e900000|100%| E|CS|TAMS 0x000000008e800000, 0x000000008e800000| Complete 
|  73|0x000000008e900000, 0x000000008ea00000, 0x000000008ea00000|100%| E|CS|TAMS 0x000000008e900000, 0x000000008e900000| Complete 
| 117|0x0000000091500000, 0x0000000091600000, 0x0000000091600000|100%| E|CS|TAMS 0x0000000091500000, 0x0000000091500000| Complete 

Card table byte_map: [0x0000027df4110000,0x0000027df44c0000] _byte_map_base: 0x0000027df3cc0000

Marking Bits (Prev, Next): (CMBitMap*) 0x0000027ddcfabe50, (CMBitMap*) 0x0000027ddcfabe10
 Prev Bits: [0x0000027df65f0000, 0x0000027df8370000)
 Next Bits: [0x0000027df4870000, 0x0000027df65f0000)

Polling page: 0x0000027ddaef0000

Metaspace:

Usage:
  Non-class:     26.55 MB used.
      Class:      4.01 MB used.
       Both:     30.56 MB used.

Virtual space:
  Non-class space:       64.00 MB reserved,      26.75 MB ( 42%) committed,  1 nodes.
      Class space:        1.00 GB reserved,       4.19 MB ( <1%) committed,  1 nodes.
             Both:        1.06 GB reserved,      30.94 MB (  3%) committed. 

Chunk freelists:
   Non-Class:  5.04 MB
       Class:  11.64 MB
        Both:  16.68 MB

MaxMetaspaceSize: unlimited
CompressedClassSpaceSize: 1.00 GB
Initial GC threshold: 21.00 MB
Current GC threshold: 35.12 MB
CDS: on
MetaspaceReclaimPolicy: balanced
 - commit_granule_bytes: 65536.
 - commit_granule_words: 8192.
 - virtual_space_node_default_size: 8388608.
 - enlarge_chunks_in_place: 1.
 - new_chunks_are_fully_committed: 0.
 - uncommit_free_chunks: 1.
 - use_allocation_guard: 0.
 - handle_deallocations: 1.


Internal statistics:

num_allocs_failed_limit: 3.
num_arena_births: 476.
num_arena_deaths: 0.
num_vsnodes_births: 2.
num_vsnodes_deaths: 0.
num_space_committed: 495.
num_space_uncommitted: 0.
num_chunks_returned_to_freelist: 3.
num_chunks_taken_from_freelist: 1591.
num_chunk_merges: 3.
num_chunk_splits: 1067.
num_chunks_enlarged: 780.
num_inconsistent_stats: 0.

CodeHeap 'non-profiled nmethods': size=120000Kb used=1481Kb max_used=1481Kb free=118518Kb
 bounds [0x0000027dec2e0000, 0x0000027dec550000, 0x0000027df3810000]
CodeHeap 'profiled nmethods': size=120000Kb used=7322Kb max_used=7322Kb free=112677Kb
 bounds [0x0000027de4810000, 0x0000027de4f40000, 0x0000027debd40000]
CodeHeap 'non-nmethods': size=5760Kb used=1222Kb max_used=1267Kb free=4537Kb
 bounds [0x0000027debd40000, 0x0000027debfb0000, 0x0000027dec2e0000]
 total_blobs=4177 nmethods=3652 adapters=436
 compilation: enabled
              stopped_count=0, restarted_count=0
 full_count=0

Compilation events (20 events):
Event: 2.751 Thread 0x0000027dfafb8680 nmethod 3221 0x0000027dec44c010 code [0x0000027dec44c1c0, 0x0000027dec44c4c8]
Event: 2.751 Thread 0x0000027dfafb8680 3271       4       java.util.HashMap::newNode (13 bytes)
Event: 2.752 Thread 0x0000027dfafb8680 nmethod 3271 0x0000027dec44c790 code [0x0000027dec44c920, 0x0000027dec44ca38]
Event: 2.752 Thread 0x0000027dfafb8680 3250       4       java.util.Optional::orElse (16 bytes)
Event: 2.752 Thread 0x0000027dfafb8680 nmethod 3250 0x0000027dec44cb10 code [0x0000027dec44cc80, 0x0000027dec44cd18]
Event: 2.752 Thread 0x0000027dfafb8680 3299       4       org.springframework.util.ObjectUtils::nullSafeEquals (55 bytes)
Event: 2.754 Thread 0x0000027dfafb8680 nmethod 3299 0x0000027dec44ce10 code [0x0000027dec44d020, 0x0000027dec44d500]
Event: 2.754 Thread 0x0000027dfafb8680 3235       4       jdk.internal.org.objectweb.asm.Frame::push (109 bytes)
Event: 2.758 Thread 0x0000027dfafb8680 nmethod 3235 0x0000027dec44d790 code [0x0000027dec44d920, 0x0000027dec44df38]
Event: 2.758 Thread 0x0000027dfafb8680 3274       4       java.lang.String::endsWith (15 bytes)
Event: 2.761 Thread 0x0000027dfafb8680 nmethod 3274 0x0000027dec44e110 code [0x0000027dec44e2a0, 0x0000027dec44e578]
Event: 2.761 Thread 0x0000027dfafb8680 3197       4       java.lang.ref.Cleaner$1::apply (9 bytes)
Event: 2.761 Thread 0x0000027dfafb8680 nmethod 3197 0x0000027dec44e790 code [0x0000027dec44e900, 0x0000027dec44e9b8]
Event: 2.761 Thread 0x0000027dfafb8680 3181       4       java.util.Arrays::copyOf (19 bytes)
Event: 2.762 Thread 0x0000027dfafb8680 nmethod 3181 0x0000027dec44ea90 code [0x0000027dec44ec20, 0x0000027dec44eed8]
Event: 2.762 Thread 0x0000027dfafb8680 3198       4       org.springframework.beans.factory.support.DefaultListableBeanFactory::requiresEagerInitForType (26 bytes)
Event: 2.794 Thread 0x0000027dfafb8680 nmethod 3198 0x0000027dec44f010 code [0x0000027dec44f2a0, 0x0000027dec450f10]
Event: 2.794 Thread 0x0000027dfafb8680 3180       4       java.lang.ClassLoader::getClassLoadingLock (35 bytes)
Event: 2.795 Thread 0x0000027dfafb8680 nmethod 3180 0x0000027dec452190 code [0x0000027dec452320, 0x0000027dec452468]
Event: 2.795 Thread 0x0000027dfafb8680 3183   !   4       jdk.internal.loader.BuiltinClassLoader::loadClassOrNull (143 bytes)

GC Heap History (12 events):
Event: 0.488 GC heap before
{Heap before GC invocations=0 (full 0):
 garbage-first heap   total 120832K, used 23552K [0x000000008a000000, 0x0000000100000000)
  region size 1024K, 23 young (23552K), 0 survivors (0K)
 Metaspace       used 5343K, committed 5504K, reserved 1114112K
  class space    used 664K, committed 704K, reserved 1048576K
}
Event: 0.495 GC heap after
{Heap after GC invocations=1 (full 0):
 garbage-first heap   total 120832K, used 6184K [0x000000008a000000, 0x0000000100000000)
  region size 1024K, 3 young (3072K), 3 survivors (3072K)
 Metaspace       used 5343K, committed 5504K, reserved 1114112K
  class space    used 664K, committed 704K, reserved 1048576K
}
Event: 1.077 GC heap before
{Heap before GC invocations=1 (full 0):
 garbage-first heap   total 120832K, used 33832K [0x000000008a000000, 0x0000000100000000)
  region size 1024K, 30 young (30720K), 3 survivors (3072K)
 Metaspace       used 12299K, committed 12608K, reserved 1114112K
  class space    used 1608K, committed 1728K, reserved 1048576K
}
Event: 1.084 GC heap after
{Heap after GC invocations=2 (full 0):
 garbage-first heap   total 120832K, used 8664K [0x000000008a000000, 0x0000000100000000)
  region size 1024K, 3 young (3072K), 3 survivors (3072K)
 Metaspace       used 12299K, committed 12608K, reserved 1114112K
  class space    used 1608K, committed 1728K, reserved 1048576K
}
Event: 1.588 GC heap before
{Heap before GC invocations=2 (full 0):
 garbage-first heap   total 120832K, used 48600K [0x000000008a000000, 0x0000000100000000)
  region size 1024K, 44 young (45056K), 3 survivors (3072K)
 Metaspace       used 21217K, committed 21504K, reserved 1114112K
  class space    used 2764K, committed 2944K, reserved 1048576K
}
Event: 1.595 GC heap after
{Heap after GC invocations=3 (full 0):
 garbage-first heap   total 120832K, used 11748K [0x000000008a000000, 0x0000000100000000)
  region size 1024K, 6 young (6144K), 6 survivors (6144K)
 Metaspace       used 21217K, committed 21504K, reserved 1114112K
  class space    used 2764K, committed 2944K, reserved 1048576K
}
Event: 2.005 GC heap before
{Heap before GC invocations=4 (full 0):
 garbage-first heap   total 48128K, used 34276K [0x000000008a000000, 0x0000000100000000)
  region size 1024K, 28 young (28672K), 6 survivors (6144K)
 Metaspace       used 23974K, committed 24384K, reserved 1114112K
  class space    used 3136K, committed 3328K, reserved 1048576K
}
Event: 2.012 GC heap after
{Heap after GC invocations=5 (full 0):
 garbage-first heap   total 48128K, used 13031K [0x000000008a000000, 0x0000000100000000)
  region size 1024K, 2 young (2048K), 2 survivors (2048K)
 Metaspace       used 23974K, committed 24384K, reserved 1114112K
  class space    used 3136K, committed 3328K, reserved 1048576K
}
Event: 2.035 GC heap before
{Heap before GC invocations=5 (full 0):
 garbage-first heap   total 48128K, used 14055K [0x000000008a000000, 0x0000000100000000)
  region size 1024K, 3 young (3072K), 2 survivors (2048K)
 Metaspace       used 24241K, committed 24576K, reserved 1114112K
  class space    used 3160K, committed 3328K, reserved 1048576K
}
Event: 2.038 GC heap after
{Heap after GC invocations=6 (full 0):
 garbage-first heap   total 58368K, used 13118K [0x000000008a000000, 0x0000000100000000)
  region size 1024K, 1 young (1024K), 1 survivors (1024K)
 Metaspace       used 24241K, committed 24576K, reserved 1114112K
  class space    used 3160K, committed 3328K, reserved 1048576K
}
Event: 2.521 GC heap before
{Heap before GC invocations=6 (full 0):
 garbage-first heap   total 58368K, used 38718K [0x000000008a000000, 0x0000000100000000)
  region size 1024K, 26 young (26624K), 1 survivors (1024K)
 Metaspace       used 29756K, committed 30208K, reserved 1114112K
  class space    used 3886K, committed 4096K, reserved 1048576K
}
Event: 2.528 GC heap after
{Heap after GC invocations=7 (full 0):
 garbage-first heap   total 58368K, used 15552K [0x000000008a000000, 0x0000000100000000)
  region size 1024K, 3 young (3072K), 3 survivors (3072K)
 Metaspace       used 29756K, committed 30208K, reserved 1114112K
  class space    used 3886K, committed 4096K, reserved 1048576K
}

Deoptimization events (20 events):
Event: 2.280 Thread 0x0000027ddcf53fb0 DEOPT PACKING pc=0x0000027de483a2e6 sp=0x000000f4737fa180
Event: 2.280 Thread 0x0000027ddcf53fb0 DEOPT UNPACKING pc=0x0000027debd92b43 sp=0x000000f4737f9648 mode 0
Event: 2.281 Thread 0x0000027ddcf53fb0 DEOPT PACKING pc=0x0000027de483a2e6 sp=0x000000f4737fa180
Event: 2.281 Thread 0x0000027ddcf53fb0 DEOPT UNPACKING pc=0x0000027debd92b43 sp=0x000000f4737f9648 mode 0
Event: 2.459 Thread 0x0000027ddcf53fb0 Uncommon trap: trap_request=0xffffff45 fr.pc=0x0000027dec4239f8 relative=0x0000000000004d98
Event: 2.459 Thread 0x0000027ddcf53fb0 Uncommon trap: reason=unstable_if action=reinterpret pc=0x0000027dec4239f8 method=org.springframework.beans.factory.support.AbstractBeanFactory.isTypeMatch(Ljava/lang/String;Lorg/springframework/core/ResolvableType;Z)Z @ 35 c2
Event: 2.459 Thread 0x0000027ddcf53fb0 DEOPT PACKING pc=0x0000027dec4239f8 sp=0x000000f4737fb8a0
Event: 2.459 Thread 0x0000027ddcf53fb0 DEOPT UNPACKING pc=0x0000027debd923a3 sp=0x000000f4737fb890 mode 2
Event: 2.581 Thread 0x0000027ddcf53fb0 Uncommon trap: trap_request=0xfffffff4 fr.pc=0x0000027dec410aac relative=0x000000000000128c
Event: 2.581 Thread 0x0000027ddcf53fb0 Uncommon trap: reason=null_check action=make_not_entrant pc=0x0000027dec410aac method=org.springframework.beans.factory.support.DefaultSingletonBeanRegistry.getSingleton(Ljava/lang/String;Z)Ljava/lang/Object; @ 90 c2
Event: 2.581 Thread 0x0000027ddcf53fb0 DEOPT PACKING pc=0x0000027dec410aac sp=0x000000f4737fb960
Event: 2.581 Thread 0x0000027ddcf53fb0 DEOPT UNPACKING pc=0x0000027debd923a3 sp=0x000000f4737fb908 mode 2
Event: 2.612 Thread 0x0000027ddcf53fb0 Uncommon trap: trap_request=0xffffff45 fr.pc=0x0000027dec3837e0 relative=0x0000000000000060
Event: 2.612 Thread 0x0000027ddcf53fb0 Uncommon trap: reason=unstable_if action=reinterpret pc=0x0000027dec3837e0 method=org.springframework.util.ConcurrentReferenceHashMap$Segment.clear()V @ 7 c2
Event: 2.612 Thread 0x0000027ddcf53fb0 DEOPT PACKING pc=0x0000027dec3837e0 sp=0x000000f4737fc7b0
Event: 2.612 Thread 0x0000027ddcf53fb0 DEOPT UNPACKING pc=0x0000027debd923a3 sp=0x000000f4737fc740 mode 2
Event: 2.665 Thread 0x0000027ddcf53fb0 Uncommon trap: trap_request=0xffffff45 fr.pc=0x0000027dec36b67c relative=0x000000000000025c
Event: 2.665 Thread 0x0000027ddcf53fb0 Uncommon trap: reason=unstable_if action=reinterpret pc=0x0000027dec36b67c method=java.util.concurrent.ConcurrentHashMap.get(Ljava/lang/Object;)Ljava/lang/Object; @ 76 c2
Event: 2.665 Thread 0x0000027ddcf53fb0 DEOPT PACKING pc=0x0000027dec36b67c sp=0x000000f4737f8b40
Event: 2.665 Thread 0x0000027ddcf53fb0 DEOPT UNPACKING pc=0x0000027debd923a3 sp=0x000000f4737f8ab8 mode 2

Classes unloaded (0 events):
No events

Classes redefined (0 events):
No events

Internal exceptions (20 events):
Event: 2.065 Thread 0x0000027ddcf53fb0 Exception <a 'java/lang/NoClassDefFoundError'{0x000000008e8a6a50}: org/flywaydb/core/Flyway> (0x000000008e8a6a50) 
thrown [s\open\src\hotspot\share\classfile\systemDictionary.cpp, line 245]
Event: 2.065 Thread 0x0000027ddcf53fb0 Exception <a 'java/lang/NoClassDefFoundError'{0x000000008e8a9250}: liquibase/integration/spring/SpringLiquibase> (0x000000008e8a9250) 
thrown [s\open\src\hotspot\share\classfile\systemDictionary.cpp, line 245]
Event: 2.329 Thread 0x0000027ddcf53fb0 Exception <a 'java/lang/NoSuchMethodError'{0x000000008ca4f3d0}: 'void java.lang.invoke.DirectMethodHandle$Holder.invokeInterface(java.lang.Object, java.lang.Object, int)'> (0x000000008ca4f3d0) 
thrown [s\open\src\hotspot\share\interpreter\linkResolver.cpp, line 759]
Event: 2.332 Thread 0x0000027ddcf53fb0 Exception <a 'java/lang/IncompatibleClassChangeError'{0x000000008ca9fc20}: Found class java.lang.Object, but interface was expected> (0x000000008ca9fc20) 
thrown [s\open\src\hotspot\share\interpreter\linkResolver.cpp, line 826]
Event: 2.333 Thread 0x0000027ddcf53fb0 Exception <a 'java/lang/NoSuchMethodError'{0x000000008cab0ca8}: 'int java.lang.invoke.DirectMethodHandle$Holder.invokeSpecialIFC(java.lang.Object, java.lang.Object, java.lang.Object)'> (0x000000008cab0ca8) 
thrown [s\open\src\hotspot\share\interpreter\linkResolver.cpp, line 759]
Event: 2.334 Thread 0x0000027ddcf53fb0 Exception <a 'java/lang/NoSuchMethodError'{0x000000008caca498}: 'void java.lang.invoke.DirectMethodHandle$Holder.invokeStatic(java.lang.Object, int, java.lang.Object)'> (0x000000008caca498) 
thrown [s\open\src\hotspot\share\interpreter\linkResolver.cpp, line 759]
Event: 2.477 Thread 0x0000027ddcf53fb0 Exception <a 'sun/nio/fs/WindowsException'{0x000000008c130050}> (0x000000008c130050) 
thrown [s\open\src\hotspot\share\prims\jni.cpp, line 516]
Event: 2.478 Thread 0x0000027ddcf53fb0 Exception <a 'sun/nio/fs/WindowsException'{0x000000008c133dd8}> (0x000000008c133dd8) 
thrown [s\open\src\hotspot\share\prims\jni.cpp, line 516]
Event: 2.499 Thread 0x0000027ddcf53fb0 Exception <a 'java/lang/IncompatibleClassChangeError'{0x000000008c0d1fe0}: Found class java.lang.Object, but interface was expected> (0x000000008c0d1fe0) 
thrown [s\open\src\hotspot\share\interpreter\linkResolver.cpp, line 826]
Event: 2.521 Thread 0x0000027ddcf53fb0 Exception <a 'java/lang/NoSuchMethodError'{0x000000008bff48d8}: 'void java.lang.invoke.DirectMethodHandle$Holder.invokeVirtual(java.lang.Object, java.lang.Object, int)'> (0x000000008bff48d8) 
thrown [s\open\src\hotspot\share\interpreter\linkResolver.cpp, line 759]
Event: 2.529 Thread 0x0000027ddcf53fb0 Exception <a 'java/lang/NoSuchMethodError'{0x0000000091520308}: 'void java.lang.invoke.DirectMethodHandle$Holder.invokeVirtual(java.lang.Object, java.lang.Object, long)'> (0x0000000091520308) 
thrown [s\open\src\hotspot\share\interpreter\linkResolver.cpp, line 759]
Event: 2.578 Thread 0x0000027ddcf53fb0 Exception <a 'java/lang/NoSuchMethodError'{0x000000008e74b9f0}: 'int java.lang.invoke.DirectMethodHandle$Holder.invokeStaticInit(java.lang.Object, java.lang.Object, java.lang.Object, java.lang.Object)'> (0x000000008e74b9f0) 
thrown [s\open\src\hotspot\share\interpreter\linkResolver.cpp, line 759]
Event: 2.581 Thread 0x0000027ddcf53fb0 Implicit null exception at 0x0000027dec41046f to 0x0000027dec410a98
Event: 2.615 Thread 0x0000027ddcf53fb0 Exception <a 'java/lang/NoSuchMethodError'{0x000000008e55c798}: 'java.lang.Object java.lang.invoke.DirectMethodHandle$Holder.newInvokeSpecial(java.lang.Object, java.lang.Object, int, java.lang.Object, java.lang.Object)'> (0x000000008e55c798) 
thrown [s\open\src\hotspot\share\interpreter\linkResolver.cpp, line 759]
Event: 2.616 Thread 0x0000027ddcf53fb0 Exception <a 'java/lang/NoSuchMethodError'{0x000000008e56bdc8}: 'java.lang.Object java.lang.invoke.DirectMethodHandle$Holder.newInvokeSpecial(java.lang.Object, java.lang.Object, java.lang.Object, int)'> (0x000000008e56bdc8) 
thrown [s\open\src\hotspot\share\interpreter\linkResolver.cpp, line 759]
Event: 2.617 Thread 0x0000027ddcf53fb0 Exception <a 'java/lang/NoSuchMethodError'{0x000000008e570600}: 'java.lang.Object java.lang.invoke.DirectMethodHandle$Holder.invokeSpecial(java.lang.Object, java.lang.Object, java.lang.Object, java.lang.Object, int)'> (0x000000008e570600) 
thrown [s\open\src\hotspot\share\interpreter\linkResolver.cpp, line 759]
Event: 2.617 Thread 0x0000027ddcf53fb0 Exception <a 'java/lang/NoSuchMethodError'{0x000000008e5749d8}: 'java.lang.Object java.lang.invoke.Invokers$Holder.linkToTargetMethod(java.lang.Object, java.lang.Object, int, java.lang.Object)'> (0x000000008e5749d8) 
thrown [s\open\src\hotspot\share\interpreter\linkResolver.cpp, line 759]
Event: 2.670 Thread 0x0000027ddcf53fb0 Exception <a 'java/lang/reflect/InvocationTargetException'{0x000000008d1f9fa0}> (0x000000008d1f9fa0) 
thrown [s\open\src\hotspot\share\runtime\reflection.cpp, line 1121]
Event: 2.681 Thread 0x0000027ddcf53fb0 Exception <a 'java/lang/NoSuchMethodError'{0x000000008d01b6b8}: 'void java.lang.invoke.DirectMethodHandle$Holder.invokeStatic(java.lang.Object, long)'> (0x000000008d01b6b8) 
thrown [s\open\src\hotspot\share\interpreter\linkResolver.cpp, line 759]
Event: 2.681 Thread 0x0000027ddcf53fb0 Exception <a 'java/lang/NoSuchMethodError'{0x000000008d021078}: 'java.lang.Object java.lang.invoke.DirectMethodHandle$Holder.newInvokeSpecial(java.lang.Object, long)'> (0x000000008d021078) 
thrown [s\open\src\hotspot\share\interpreter\linkResolver.cpp, line 759]

VM Operations (20 events):
Event: 2.060 Executing VM operation: HandshakeAllThreads
Event: 2.060 Executing VM operation: HandshakeAllThreads done
Event: 2.216 Executing VM operation: HandshakeAllThreads
Event: 2.216 Executing VM operation: HandshakeAllThreads done
Event: 2.315 Executing VM operation: HandshakeAllThreads
Event: 2.315 Executing VM operation: HandshakeAllThreads done
Event: 2.335 Executing VM operation: ICBufferFull
Event: 2.335 Executing VM operation: ICBufferFull done
Event: 2.365 Executing VM operation: HandshakeAllThreads
Event: 2.365 Executing VM operation: HandshakeAllThreads done
Event: 2.425 Executing VM operation: HandshakeAllThreads
Event: 2.425 Executing VM operation: HandshakeAllThreads done
Event: 2.452 Executing VM operation: HandshakeAllThreads
Event: 2.452 Executing VM operation: HandshakeAllThreads done
Event: 2.521 Executing VM operation: G1CollectForAllocation
Event: 2.528 Executing VM operation: G1CollectForAllocation done
Event: 2.548 Executing VM operation: HandshakeAllThreads
Event: 2.548 Executing VM operation: HandshakeAllThreads done
Event: 2.682 Executing VM operation: HandshakeAllThreads
Event: 2.682 Executing VM operation: HandshakeAllThreads done

Events (20 events):
Event: 2.675 loading class java/lang/Process
Event: 2.675 loading class java/lang/Process done
Event: 2.675 loading class java/lang/ProcessImpl done
Event: 2.682 loading class java/lang/ProcessImpl$2
Event: 2.682 loading class java/lang/ProcessImpl$2 done
Event: 2.682 loading class java/lang/Process$PipeInputStream
Event: 2.682 loading class java/lang/Process$PipeInputStream done
Event: 2.682 loading class jdk/internal/event/ProcessStartEvent
Event: 2.682 loading class jdk/internal/event/Event
Event: 2.683 loading class jdk/internal/event/Event done
Event: 2.683 loading class jdk/internal/event/ProcessStartEvent done
Event: 2.835 Loaded shared library C:\Program Files\Java\jdk-17\bin\instrument.dll
Event: 2.837 Loaded shared library C:\Program Files\Java\jdk-17\bin\zip.dll
Event: 2.839 loading class sun/instrument/InstrumentationImpl
Event: 2.839 loading class sun/instrument/InstrumentationImpl done
Event: 2.839 Loaded shared library C:\Program Files\Java\jdk-17\bin\instrument.dll
Event: 2.840 loading class sun/instrument/TransformerManager
Event: 2.840 loading class sun/instrument/TransformerManager done
Event: 2.840 loading class sun/instrument/TransformerManager$TransformerInfo
Event: 2.840 loading class sun/instrument/TransformerManager$TransformerInfo done


Dynamic libraries:
0x00007ff6a7340000 - 0x00007ff6a7350000 	C:\Program Files\Java\jdk-17\bin\java.exe
0x00007fffb1730000 - 0x00007fffb1947000 	C:\WINDOWS\SYSTEM32\ntdll.dll
0x00007fffafbf0000 - 0x00007fffafcb4000 	C:\WINDOWS\System32\KERNEL32.DLL
0x00007fffaeb80000 - 0x00007fffaef37000 	C:\WINDOWS\System32\KERNELBASE.dll
0x00007fffaf1f0000 - 0x00007fffaf301000 	C:\WINDOWS\System32\ucrtbase.dll
0x00007fffaa2d0000 - 0x00007fffaa2eb000 	C:\Program Files\Java\jdk-17\bin\VCRUNTIME140.dll
0x00007fffa16c0000 - 0x00007fffa16d9000 	C:\Program Files\Java\jdk-17\bin\jli.dll
0x00007fffb0de0000 - 0x00007fffb0e92000 	C:\WINDOWS\System32\ADVAPI32.dll
0x00007fffb1640000 - 0x00007fffb16e7000 	C:\WINDOWS\System32\msvcrt.dll
0x00007fffb1500000 - 0x00007fffb15a8000 	C:\WINDOWS\System32\sechost.dll
0x00007fffaf310000 - 0x00007fffaf338000 	C:\WINDOWS\System32\bcrypt.dll
0x00007fffb0660000 - 0x00007fffb0774000 	C:\WINDOWS\System32\RPCRT4.dll
0x00007fffaf7c0000 - 0x00007fffaf96f000 	C:\WINDOWS\System32\USER32.dll
0x00007fffaefe0000 - 0x00007fffaf006000 	C:\WINDOWS\System32\win32u.dll
0x00007fff921d0000 - 0x00007fff92463000 	C:\WINDOWS\WinSxS\amd64_microsoft.windows.common-controls_6595b64144ccf1df_6.0.22621.3672_none_2713b9d173822955\COMCTL32.dll
0x00007fffb0530000 - 0x00007fffb0559000 	C:\WINDOWS\System32\GDI32.dll
0x00007fffaf340000 - 0x00007fffaf458000 	C:\WINDOWS\System32\gdi32full.dll
0x00007fffaef40000 - 0x00007fffaefda000 	C:\WINDOWS\System32\msvcp_win.dll
0x00007fffa9200000 - 0x00007fffa920a000 	C:\WINDOWS\SYSTEM32\VERSION.dll
0x00007fffaf990000 - 0x00007fffaf9c1000 	C:\WINDOWS\System32\IMM32.DLL
0x00007fffaa190000 - 0x00007fffaa19c000 	C:\Program Files\Java\jdk-17\bin\vcruntime140_1.dll
0x00007fff6dd50000 - 0x00007fff6ddde000 	C:\Program Files\Java\jdk-17\bin\msvcp140.dll
0x00007fff68430000 - 0x00007fff69010000 	C:\Program Files\Java\jdk-17\bin\server\jvm.dll
0x00007fffb1470000 - 0x00007fffb1478000 	C:\WINDOWS\System32\PSAPI.DLL
0x00007fff958e0000 - 0x00007fff958e9000 	C:\WINDOWS\SYSTEM32\WSOCK32.dll
0x00007fffb1480000 - 0x00007fffb14f1000 	C:\WINDOWS\System32\WS2_32.dll
0x00007fffa9380000 - 0x00007fffa93b4000 	C:\WINDOWS\SYSTEM32\WINMM.dll
0x00007fffadb80000 - 0x00007fffadb98000 	C:\WINDOWS\SYSTEM32\kernel.appcore.dll
0x00007fffa9f20000 - 0x00007fffa9f2a000 	C:\Program Files\Java\jdk-17\bin\jimage.dll
0x00007fffac4a0000 - 0x00007fffac6d2000 	C:\WINDOWS\SYSTEM32\DBGHELP.DLL
0x00007fffb0790000 - 0x00007fffb0b1e000 	C:\WINDOWS\System32\combase.dll
0x00007fffaf690000 - 0x00007fffaf767000 	C:\WINDOWS\System32\OLEAUT32.dll
0x00007fff98d80000 - 0x00007fff98db2000 	C:\WINDOWS\SYSTEM32\dbgcore.DLL
0x00007fffaeb00000 - 0x00007fffaeb7b000 	C:\WINDOWS\System32\bcryptPrimitives.dll
0x00007fffa15b0000 - 0x00007fffa15d5000 	C:\Program Files\Java\jdk-17\bin\java.dll
0x00007fff73380000 - 0x00007fff73457000 	C:\Program Files\Java\jdk-17\bin\jsvml.dll
0x00007fffafcc0000 - 0x00007fffb0529000 	C:\WINDOWS\System32\SHELL32.dll
0x00007fffac9c0000 - 0x00007fffad2bf000 	C:\WINDOWS\SYSTEM32\windows.storage.dll
0x00007fffac880000 - 0x00007fffac9bf000 	C:\WINDOWS\SYSTEM32\wintypes.dll
0x00007fffb0c80000 - 0x00007fffb0d79000 	C:\WINDOWS\System32\SHCORE.dll
0x00007fffaf610000 - 0x00007fffaf66e000 	C:\WINDOWS\System32\shlwapi.dll
0x00007fffae970000 - 0x00007fffae997000 	C:\WINDOWS\SYSTEM32\profapi.dll
0x00007fffa8b30000 - 0x00007fffa8b49000 	C:\Program Files\Java\jdk-17\bin\net.dll
0x00007fffa9070000 - 0x00007fffa91a6000 	C:\WINDOWS\SYSTEM32\WINHTTP.dll
0x00007fffadff0000 - 0x00007fffae059000 	C:\WINDOWS\system32\mswsock.dll
0x00007fffa70a0000 - 0x00007fffa70b6000 	C:\Program Files\Java\jdk-17\bin\nio.dll
0x00007fffa06f0000 - 0x00007fffa0708000 	C:\Program Files\Java\jdk-17\bin\zip.dll
0x00007fff8f230000 - 0x00007fff8f23a000 	C:\Program Files\Java\jdk-17\bin\management.dll
0x00007fff8d9f0000 - 0x00007fff8d9fb000 	C:\Program Files\Java\jdk-17\bin\management_ext.dll
0x00007fffaa900000 - 0x00007fffaa90e000 	C:\Program Files\Java\jdk-17\bin\sunmscapi.dll
0x00007fffaf010000 - 0x00007fffaf176000 	C:\WINDOWS\System32\CRYPT32.dll
0x00007fffae3e0000 - 0x00007fffae40d000 	C:\WINDOWS\SYSTEM32\ncrypt.dll
0x00007fffae3a0000 - 0x00007fffae3d7000 	C:\WINDOWS\SYSTEM32\NTASN1.dll
0x00007fffa9f10000 - 0x00007fffa9f20000 	C:\Program Files\Java\jdk-17\bin\verify.dll
0x00007fffa0720000 - 0x00007fffa072e000 	C:\Program Files\Java\jdk-17\bin\instrument.dll

dbghelp: loaded successfully - version: 4.0.5 - missing functions: none
symbol engine: initialized successfully - sym options: 0x614 - pdb path: .;C:\Program Files\Java\jdk-17\bin;C:\WINDOWS\SYSTEM32;C:\WINDOWS\WinSxS\amd64_microsoft.windows.common-controls_6595b64144ccf1df_6.0.22621.3672_none_2713b9d173822955;C:\Program Files\Java\jdk-17\bin\server

VM Arguments:
java_command: C:\Users\andre\AppData\Local\Temp\surefire300561316032260510\surefirebooter-20241015234441689_3.jar C:\Users\andre\AppData\Local\Temp\surefire300561316032260510 2024-10-15T23-44-41_488-jvmRun1 surefire-20241015234441689_1tmp surefire_0-20241015234441689_2tmp
java_class_path (initial): C:\Users\andre\AppData\Local\Temp\surefire300561316032260510\surefirebooter-20241015234441689_3.jar
Launcher Type: SUN_STANDARD

[Global flags]
     intx CICompilerCount                          = 4                                         {product} {ergonomic}
     uint ConcGCThreads                            = 3                                         {product} {ergonomic}
     uint G1ConcRefinementThreads                  = 10                                        {product} {ergonomic}
   size_t G1HeapRegionSize                         = 1048576                                   {product} {ergonomic}
    uintx GCDrainStackTargetSize                   = 64                                        {product} {ergonomic}
   size_t InitialHeapSize                          = 123731968                                 {product} {ergonomic}
   size_t MarkStackSize                            = 4194304                                   {product} {ergonomic}
   size_t MaxHeapSize                              = 1979711488                                {product} {ergonomic}
   size_t MaxNewSize                               = 1186988032                                {product} {ergonomic}
   size_t MinHeapDeltaBytes                        = 1048576                                   {product} {ergonomic}
   size_t MinHeapSize                              = 8388608                                   {product} {ergonomic}
    uintx NonNMethodCodeHeapSize                   = 5839372                                {pd product} {ergonomic}
    uintx NonProfiledCodeHeapSize                  = 122909434                              {pd product} {ergonomic}
    uintx ProfiledCodeHeapSize                     = 122909434                              {pd product} {ergonomic}
    uintx ReservedCodeCacheSize                    = 251658240                              {pd product} {ergonomic}
     bool SegmentedCodeCache                       = true                                      {product} {ergonomic}
   size_t SoftMaxHeapSize                          = 1979711488                             {manageable} {ergonomic}
     bool UseCompressedClassPointers               = true                           {product lp64_product} {ergonomic}
     bool UseCompressedOops                        = true                           {product lp64_product} {ergonomic}
     bool UseG1GC                                  = true                                      {product} {ergonomic}
     bool UseLargePagesIndividualAllocation        = false                                  {pd product} {ergonomic}

Logging:
Log output configuration:
 #0: stdout all=warning uptime,level,tags
 #1: stderr all=off uptime,level,tags

Environment Variables:
JAVA_HOME=C:\Program Files\Java\jdk-17
PATH=C:\Program Files\Common Files\Oracle\Java\javapath;C:\Python312\Scripts\;C:\Python312\;C:\oraclexe\app\oracle\product\11.2.0\server\bin;;C:\Windows\system32;C:\Windows;C:\Windows\System32\Wbem;C:\Windows\System32\WindowsPowerShell\v1.0\;C:\Windows\System32\OpenSSH\;C:\Program Files (x86)\NVIDIA Corporation\PhysX\Common;C:\Program Files\NVIDIA Corporation\NVIDIA NvDLISR;C:\WINDOWS\system32;C:\WINDOWS;C:\WINDOWS\System32\Wbem;C:\WINDOWS\System32\WindowsPowerShell\v1.0\;C:\WINDOWS\System32\OpenSSH\;C:\Program Files\swipl\bin;C:\Program Files\Git\cmd;C:\Program Files\nodejs\;C:\ProgramData\chocolatey\bin;C:\Maven\apache-maven-3.9.7-bin\apache-maven-3.9.7\bin;C:\msys64\ucrt64\bin;C:\Program Files\MySQL\MySQL Shell 8.0\bin\;C:\Users\andre\AppData\Local\Microsoft\WindowsApps;C:\Users\andre\AppData\Local\Programs\Microsoft VS Code\bin;C:\Users\andre\AppData\Local\GitHubDesktop\bin;C:\Users\andre\AppData\Roaming\npm;C:\Users\andre\AppData\Local\spicetify
USERNAME=andre
LANG=en_US.UTF-8
OS=Windows_NT
PROCESSOR_IDENTIFIER=AMD64 Family 23 Model 96 Stepping 1, AuthenticAMD



---------------  S Y S T E M  ---------------

OS:
 Windows 11 , 64 bit Build 22621 (10.0.22621.3958)
OS uptime: 2 days 8:59 hours

CPU: total 12 (initial active 12) (12 cores per cpu, 2 threads per core) family 23 model 96 stepping 1 microcode 0x0, cx8, cmov, fxsr, ht, mmx, 3dnowpref, sse, sse2, sse3, ssse3, sse4a, sse4.1, sse4.2, popcnt, lzcnt, tsc, tscinvbit, avx, avx2, aes, clmul, bmi1, bmi2, adx, sha, fma, vzeroupper, clflush, clflushopt

Memory: 4k page, system-wide physical 7549M (189M free)
TotalPageFile size 22652M (AvailPageFile size 217M)
current process WorkingSet (physical memory assigned to process): 166M, peak: 169M
current process commit charge ("private bytes"): 214M, peak: 260M

vm_info: Java HotSpot(TM) 64-Bit Server VM (17.0.11+7-LTS-207) for windows-amd64 JRE (17.0.11+7-LTS-207), built on Mar 11 2024 19:01:50 by "mach5one" with MS VC++ 17.6 (VS2022)

END.
